<?xml version="1.0" encoding="UTF-8" ?>
<testsuite tests="1" failures="1" name="appium.SampleTestCase" time="26.6" errors="0" skipped="0">
  <properties>
    <property name="java.runtime.name" value="Java(TM) SE Runtime Environment"/>
    <property name="sun.boot.library.path" value="C:\Program Files\Java\jdk1.8.0_77\jre\bin"/>
    <property name="java.vm.version" value="25.77-b03"/>
    <property name="java.vm.vendor" value="Oracle Corporation"/>
    <property name="maven.multiModuleProjectDirectory" value="F:\gitProjects\Appium\AppiumAutomation"/>
    <property name="java.vendor.url" value="http://java.oracle.com/"/>
    <property name="path.separator" value=";"/>
    <property name="guice.disable.misplaced.annotation.check" value="true"/>
    <property name="java.vm.name" value="Java HotSpot(TM) 64-Bit Server VM"/>
    <property name="file.encoding.pkg" value="sun.io"/>
    <property name="user.script" value=""/>
    <property name="user.country" value="US"/>
    <property name="sun.java.launcher" value="SUN_STANDARD"/>
    <property name="sun.os.patch.level" value=""/>
    <property name="java.vm.specification.name" value="Java Virtual Machine Specification"/>
    <property name="user.dir" value="F:\gitProjects\Appium\AppiumAutomation"/>
    <property name="java.runtime.version" value="1.8.0_77-b03"/>
    <property name="java.awt.graphicsenv" value="sun.awt.Win32GraphicsEnvironment"/>
    <property name="java.endorsed.dirs" value="C:\Program Files\Java\jdk1.8.0_77\jre\lib\endorsed"/>
    <property name="os.arch" value="amd64"/>
    <property name="java.io.tmpdir" value="C:\windows\TEMP\"/>
    <property name="line.separator" value="
"/>
    <property name="java.vm.specification.vendor" value="Oracle Corporation"/>
    <property name="user.variant" value=""/>
    <property name="os.name" value="Windows 10"/>
    <property name="classworlds.conf" value="F:\Rest\.metadata\.plugins\org.eclipse.m2e.launching\launches\m2conf6636931851986770622.tmp"/>
    <property name="sun.jnu.encoding" value="Cp1252"/>
    <property name="java.library.path" value="C:\Program Files\Java\jdk1.8.0_77\bin;C:\windows\Sun\Java\bin;C:\windows\system32;C:\windows;C:\ProgramData\Oracle\Java\javapath;C:\PROGRAM FILES (X86)\NVIDIA CORPORATION\PHYSX\COMMON;C:\PROGRAM FILES\COMMON FILES\MICROSOFT SHARED\WINDOWS LIVE;C:\PROGRAM FILES (X86)\COMMON FILES\MICROSOFT SHARED\WINDOWS LIVE;C:\WINDOWS\SYSTEM32;C:\WINDOWS;C:\WINDOWS\SYSTEM32\WBEM;C:\WINDOWS\SYSTEM32\WINDOWSPOWERSHELL\V1.0\;C:\PROGRAM FILES (X86)\WINDOWS LIVE\SHARED;C:\BIN;C:\Program Files\WIDCOMM\Bluetooth Software\;C:\Program Files\WIDCOMM\Bluetooth Software\syswow64;C:\Program Files (x86)\sbt\\bin;C:\Program Files\Intel\WiFi\bin\;C:\Program Files\Common Files\Intel\WirelessCommon\;C:\windows\system32;C:\windows;C:\windows\System32\Wbem;C:\windows\System32\WindowsPowerShell\v1.0\;C:\apache-maven-3.3.9\bin;C:\apache-maven-3.3.9;C:\Program Files (x86)\Skype\Phone\;C:\MikTex\miktex\bin\x64\;C:\xampp\mysql\bin;C:\Python27;C:\Program Files\MongoDB\Server\3.2\bin;C:\Program Files\Git\cmd;C:\Program Files\TortoiseGit\bin;F:\Android\SDK;F:\Android\sdk\platform-tools;F:\Android\Appium\node_modules\.bin;C:\Program Files\nodejs\;C:\Program Files\nodejs;F:\Android\SDK\build-tools\23.0.3;F:\Android\SDK\platform-tools;C:\Anaconda2;C:\Program Files\Java\jdk1.8.0_77;C:\Program Files\Java\jdk1.8.0_77;C:\bin;C:\ProgramData\Oracle\Java\javapath;C:\PROGRAM FILES (X86)\NVIDIA CORPORATION\PHYSX\COMMON;C:\PROGRAM FILES\COMMON FILES\MICROSOFT SHARED\WINDOWS LIVE;C:\PROGRAM FILES (X86)\COMMON FILES\MICROSOFT SHARED\WINDOWS LIVE;C:\WINDOWS\SYSTEM32;C:\WINDOWS;C:\WINDOWS\SYSTEM32\WBEM;C:\WINDOWS\SYSTEM32\WINDOWSPOWERSHELL\V1.0\;C:\PROGRAM FILES (X86)\WINDOWS LIVE\SHARED;C:\BIN;C:\Program Files\WIDCOMM\Bluetooth Software\;C:\Program Files\WIDCOMM\Bluetooth Software\syswow64;C:\Program Files (x86)\sbt\\bin;C:\Program Files\Intel\WiFi\bin\;C:\Program Files\Common Files\Intel\WirelessCommon\;C:\windows\system32;C:\windows;C:\windows\System32\Wbem;C:\windows\System32\WindowsPowerShell\v1.0\;C:\apache-maven-3.3.9\bin;C:\apache-maven-3.3.9;C:\Program Files (x86)\Skype\Phone\;C:\MikTex\miktex\bin\x64\;C:\xampp\mysql\bin;C:\Python27;C:\Program Files\MongoDB\Server\3.2\bin;C:\Program Files\Git\cmd;C:\Program Files\TortoiseGit\bin;F:\Android\SDK;F:\Android\sdk\platform-tools;F:\Android\Appium\node_modules\.bin;C:\Program Files\nodejs\;C:\Program Files\nodejs;F:\Android\SDK\build-tools\23.0.3;F:\Android\SDK\platform-tools;C:\Anaconda2;C:\Program Files\Java\jdk1.8.0_77;C:\Program Files\Intel\WiFi\bin\;C:\Program Files\Common Files\Intel\WirelessCommon\;C:\Anaconda2\Scripts;C:\Program Files\Java\jdk1.8.0_77\bin;C:\Users\Raj\AppData\Roaming\npm;."/>
    <property name="java.specification.name" value="Java Platform API Specification"/>
    <property name="java.class.version" value="52.0"/>
    <property name="sun.management.compiler" value="HotSpot 64-Bit Tiered Compilers"/>
    <property name="os.version" value="10.0"/>
    <property name="user.home" value="C:\Users\Raj"/>
    <property name="user.timezone" value="Europe/Berlin"/>
    <property name="java.awt.printerjob" value="sun.awt.windows.WPrinterJob"/>
    <property name="java.specification.version" value="1.8"/>
    <property name="file.encoding" value="Cp1252"/>
    <property name="user.name" value="Raj"/>
    <property name="java.class.path" value="/C:/Users/Raj/eclipse/java-mars/eclipse/../../../.p2/pool/plugins/org.eclipse.m2e.maven.runtime_1.6.2.20150902-0001/jars/plexus-classworlds-2.5.2.jar"/>
    <property name="java.vm.specification.version" value="1.8"/>
    <property name="sun.arch.data.model" value="64"/>
    <property name="java.home" value="C:\Program Files\Java\jdk1.8.0_77\jre"/>
    <property name="sun.java.command" value="org.codehaus.plexus.classworlds.launcher.Launcher -B install"/>
    <property name="java.specification.vendor" value="Oracle Corporation"/>
    <property name="user.language" value="en"/>
    <property name="awt.toolkit" value="sun.awt.windows.WToolkit"/>
    <property name="java.vm.info" value="mixed mode"/>
    <property name="java.version" value="1.8.0_77"/>
    <property name="java.ext.dirs" value="C:\Program Files\Java\jdk1.8.0_77\jre\lib\ext;C:\windows\Sun\Java\lib\ext"/>
    <property name="sun.boot.class.path" value="C:\Program Files\Java\jdk1.8.0_77\jre\lib\resources.jar;C:\Program Files\Java\jdk1.8.0_77\jre\lib\rt.jar;C:\Program Files\Java\jdk1.8.0_77\jre\lib\sunrsasign.jar;C:\Program Files\Java\jdk1.8.0_77\jre\lib\jsse.jar;C:\Program Files\Java\jdk1.8.0_77\jre\lib\jce.jar;C:\Program Files\Java\jdk1.8.0_77\jre\lib\charsets.jar;C:\Program Files\Java\jdk1.8.0_77\jre\lib\jfr.jar;C:\Program Files\Java\jdk1.8.0_77\jre\classes"/>
    <property name="java.vendor" value="Oracle Corporation"/>
    <property name="maven.home" value="F:\gitProjects\Appium\AppiumAutomation\EMBEDDED"/>
    <property name="file.separator" value="\"/>
    <property name="java.vendor.url.bug" value="http://bugreport.sun.com/bugreport/"/>
    <property name="sun.cpu.endian" value="little"/>
    <property name="sun.io.unicode.encoding" value="UnicodeLittle"/>
    <property name="sun.desktop" value="windows"/>
    <property name="sun.cpu.isalist" value="amd64"/>
  </properties>
  <testcase classname="appium.SampleTestCase" name="sampeTest" time="26.6">
    <failure message="An element could not be located on the page using the given search parameters. (WARNING: The server did not provide any stacktrace information)
Command duration or timeout: 26.17 seconds
For documentation on this error, please visit: http://seleniumhq.org/exceptions/no_such_element.html
Build info: version: &apos;2.43.1&apos;, revision: &apos;5163bceef1bc36d43f3dc0b83c88998168a363a0&apos;, time: &apos;2014-09-10 09:43:55&apos;
System info: host: &apos;Raj-PC&apos;, ip: &apos;192.168.98.2&apos;, os.name: &apos;Windows 10&apos;, os.arch: &apos;amd64&apos;, os.version: &apos;10.0&apos;, java.version: &apos;1.8.0_77&apos;
Driver info: io.appium.java_client.android.AndroidDriver
Capabilities [{appPackage=org.openintents.shopping, testobject_app_id=1, testobject_test_report_url=https://app.testobject.com/#/rajashekarpula/sample-project/appium/executions/8, testobject_suite_name=Default Appium Suite, testobject_device_session_id={value=4834df8d-1fb6-4f9a-b5d8-663200c5f985}, deviceName=008581c08ad541d7, platform=LINUX, deviceUDID=008581c08ad541d7, desired={app=/tmp/apks-LG_Nexus_4_E960_real/org.openintents.shopping.apk, testobject_app_id=1, testobject_test_name=Default Appium Test, testobject_appium_version=1.5.3, testobject_device=LG_Nexus_4_E960_real, testobject_suite_name=Default Appium Suite, testobject_api_key=B16F0B0AEB334DD384FAE69CCFC7C371, platformName=Android, adbPort=15009.0, deviceName=LG_Nexus_4_E960_real}, testobject_appium_version=1.5.3, platformVersion=5.1.1, webStorageEnabled=false, takesScreenshot=true, javascriptEnabled=true, platformName=Android, app=/tmp/apks-LG_Nexus_4_E960_real/org.openintents.shopping.apk, networkConnectionEnabled=true, testobject_test_name=Default Appium Test, warnings={}, testobject_device=LG_Nexus_4_E960_real, appWaitPackage=org.openintents.shopping, appWaitActivity=org.openintents.shopping.ShoppingActivity, databaseEnabled=false, adbPort=15009.0, appActivity=org.openintents.shopping.ShoppingActivity, locationContextEnabled=false, testobject_api_key=B16F0B0AEB334DD384FAE69CCFC7C371, testobject_test_live_view_url=https://app.testobject.com/#/rajashekarpula/sample-project/appium/view/8}]
Session ID: fb469b16-43d3-41bc-a1a1-075a1041e37c" type="org.openqa.selenium.NoSuchElementException">org.openqa.selenium.NoSuchElementException: An element could not be located on the page using the given search parameters. (WARNING: The server did not provide any stacktrace information)
Command duration or timeout: 26.17 seconds
For documentation on this error, please visit: http://seleniumhq.org/exceptions/no_such_element.html
Build info: version: &apos;2.43.1&apos;, revision: &apos;5163bceef1bc36d43f3dc0b83c88998168a363a0&apos;, time: &apos;2014-09-10 09:43:55&apos;
System info: host: &apos;Raj-PC&apos;, ip: &apos;192.168.98.2&apos;, os.name: &apos;Windows 10&apos;, os.arch: &apos;amd64&apos;, os.version: &apos;10.0&apos;, java.version: &apos;1.8.0_77&apos;
Driver info: io.appium.java_client.android.AndroidDriver
Capabilities [{appPackage=org.openintents.shopping, testobject_app_id=1, testobject_test_report_url=https://app.testobject.com/#/rajashekarpula/sample-project/appium/executions/8, testobject_suite_name=Default Appium Suite, testobject_device_session_id={value=4834df8d-1fb6-4f9a-b5d8-663200c5f985}, deviceName=008581c08ad541d7, platform=LINUX, deviceUDID=008581c08ad541d7, desired={app=/tmp/apks-LG_Nexus_4_E960_real/org.openintents.shopping.apk, testobject_app_id=1, testobject_test_name=Default Appium Test, testobject_appium_version=1.5.3, testobject_device=LG_Nexus_4_E960_real, testobject_suite_name=Default Appium Suite, testobject_api_key=B16F0B0AEB334DD384FAE69CCFC7C371, platformName=Android, adbPort=15009.0, deviceName=LG_Nexus_4_E960_real}, testobject_appium_version=1.5.3, platformVersion=5.1.1, webStorageEnabled=false, takesScreenshot=true, javascriptEnabled=true, platformName=Android, app=/tmp/apks-LG_Nexus_4_E960_real/org.openintents.shopping.apk, networkConnectionEnabled=true, testobject_test_name=Default Appium Test, warnings={}, testobject_device=LG_Nexus_4_E960_real, appWaitPackage=org.openintents.shopping, appWaitActivity=org.openintents.shopping.ShoppingActivity, databaseEnabled=false, adbPort=15009.0, appActivity=org.openintents.shopping.ShoppingActivity, locationContextEnabled=false, testobject_api_key=B16F0B0AEB334DD384FAE69CCFC7C371, testobject_test_live_view_url=https://app.testobject.com/#/rajashekarpula/sample-project/appium/view/8}]
Session ID: fb469b16-43d3-41bc-a1a1-075a1041e37c
	at sun.reflect.NativeConstructorAccessorImpl.newInstance0(Native Method)
	at sun.reflect.NativeConstructorAccessorImpl.newInstance(NativeConstructorAccessorImpl.java:62)
	at sun.reflect.DelegatingConstructorAccessorImpl.newInstance(DelegatingConstructorAccessorImpl.java:45)
	at java.lang.reflect.Constructor.newInstance(Constructor.java:423)
	at org.openqa.selenium.remote.ErrorHandler.createThrowable(ErrorHandler.java:204)
	at org.openqa.selenium.remote.ErrorHandler.throwIfResponseFailed(ErrorHandler.java:156)
	at org.openqa.selenium.remote.RemoteWebDriver.execute(RemoteWebDriver.java:599)
	at io.appium.java_client.AppiumDriver.execute(AppiumDriver.java:180)
	at org.openqa.selenium.remote.RemoteWebElement.execute(RemoteWebElement.java:268)
	at org.openqa.selenium.remote.RemoteWebElement.sendKeys(RemoteWebElement.java:89)
	at appium.SampleTestCase.sampeTest(SampleTestCase.java:19)
</failure>
    <system-out>Configuring TestNG with: org.apache.maven.surefire.testng.conf.TestNG652Configurator@3fb4f649
</system-out>
  </testcase>
</testsuite>