<html>
<head>
<title>TestNG:  Command line test</title>
<link href="../testng.css" rel="stylesheet" type="text/css" />
<link href="../my-testng.css" rel="stylesheet" type="text/css" />

<style type="text/css">
.log { display: none;} 
.stack-trace { display: none;} 
</style>
<script type="text/javascript">
<!--
function flip(e) {
  current = e.style.display;
  if (current == 'block') {
    e.style.display = 'none';
    return 0;
  }
  else {
    e.style.display = 'block';
    return 1;
  }
}

function toggleBox(szDivId, elem, msg1, msg2)
{
  var res = -1;  if (document.getElementById) {
    res = flip(document.getElementById(szDivId));
  }
  else if (document.all) {
    // this is the way old msie versions work
    res = flip(document.all[szDivId]);
  }
  if(elem) {
    if(res == 0) elem.innerHTML = msg1; else elem.innerHTML = msg2;
  }

}

function toggleAllBoxes() {
  if (document.getElementsByTagName) {
    d = document.getElementsByTagName('div');
    for (i = 0; i < d.length; i++) {
      if (d[i].className == 'log') {
        flip(d[i]);
      }
    }
  }
}

// -->
</script>

</head>
<body>
<h2 align='center'>Command line test</h2><table border='1' align="center">
<tr>
<td>Tests passed/Failed/Skipped:</td><td>0/1/0</td>
</tr><tr>
<td>Started on:</td><td>Thu Aug 04 20:14:36 CEST 2016</td>
</tr>
<tr><td>Total time:</td><td>52 seconds (52299 ms)</td>
</tr><tr>
<td>Included groups:</td><td></td>
</tr><tr>
<td>Excluded groups:</td><td></td>
</tr>
</table><p/>
<small><i>(Hover the method name to see the test class name)</i></small><p/>
<table width='100%' border='1' class='invocation-failed'>
<tr><td colspan='4' align='center'><b>FAILED TESTS</b></td></tr>
<tr><td><b>Test method</b></td>
<td width="30%"><b>Exception</b></td>
<td width="10%"><b>Time (seconds)</b></td>
<td><b>Instance</b></td>
</tr>
<tr>
<td title='appium.SampleTestCase.sampeTest()'><b>sampeTest</b><br>Test class: appium.SampleTestCase</td>
<td><div><pre>org.openqa.selenium.NoSuchElementException: An element could not be located on the page using the given search parameters. (WARNING: The server did not provide any stacktrace information)
Command duration or timeout: 26.17 seconds
For documentation on this error, please visit: http://seleniumhq.org/exceptions/no_such_element.html
Build info: version: &apos;2.43.1&apos;, revision: &apos;5163bceef1bc36d43f3dc0b83c88998168a363a0&apos;, time: &apos;2014-09-10 09:43:55&apos;
System info: host: &apos;Raj-PC&apos;, ip: &apos;192.168.98.2&apos;, os.name: &apos;Windows 10&apos;, os.arch: &apos;amd64&apos;, os.version: &apos;10.0&apos;, java.version: &apos;1.8.0_77&apos;
Driver info: io.appium.java_client.android.AndroidDriver
Capabilities [{appPackage=org.openintents.shopping, testobject_app_id=1, testobject_test_report_url=https://app.testobject.com/#/rajashekarpula/sample-project/appium/executions/8, testobject_suite_name=Default Appium Suite, testobject_device_session_id={value=4834df8d-1fb6-4f9a-b5d8-663200c5f985}, deviceName=008581c08ad541d7, platform=LINUX, deviceUDID=008581c08ad541d7, desired={app=/tmp/apks-LG_Nexus_4_E960_real/org.openintents.shopping.apk, testobject_app_id=1, testobject_test_name=Default Appium Test, testobject_appium_version=1.5.3, testobject_device=LG_Nexus_4_E960_real, testobject_suite_name=Default Appium Suite, testobject_api_key=B16F0B0AEB334DD384FAE69CCFC7C371, platformName=Android, adbPort=15009.0, deviceName=LG_Nexus_4_E960_real}, testobject_appium_version=1.5.3, platformVersion=5.1.1, webStorageEnabled=false, takesScreenshot=true, javascriptEnabled=true, platformName=Android, app=/tmp/apks-LG_Nexus_4_E960_real/org.openintents.shopping.apk, networkConnectionEnabled=true, testobject_test_name=Default Appium Test, warnings={}, testobject_device=LG_Nexus_4_E960_real, appWaitPackage=org.openintents.shopping, appWaitActivity=org.openintents.shopping.ShoppingActivity, databaseEnabled=false, adbPort=15009.0, appActivity=org.openintents.shopping.ShoppingActivity, locationContextEnabled=false, testobject_api_key=B16F0B0AEB334DD384FAE69CCFC7C371, testobject_test_live_view_url=https://app.testobject.com/#/rajashekarpula/sample-project/appium/view/8}]
Session ID: fb469b16-43d3-41bc-a1a1-075a1041e37c
	at org.openqa.selenium.remote.ErrorHandler.createThrowable(ErrorHandler.java:204)
	at org.openqa.selenium.remote.ErrorHandler.throwIfResponseFailed(ErrorHandler.java:156)
	at org.openqa.selenium.remote.RemoteWebDriver.execute(RemoteWebDriver.java:599)
	at io.appium.java_client.AppiumDriver.execute(AppiumDriver.java:180)
	at org.openqa.selenium.remote.RemoteWebElement.execute(RemoteWebElement.java:268)
	at org.openqa.selenium.remote.RemoteWebElement.sendKeys(RemoteWebElement.java:89)
	at appium.SampleTestCase.sampeTest(SampleTestCase.java:19)
... Removed 37 stack frames</pre></div><a href='#' onClick='toggleBox("stack-trace1735507635", this, "Click to show all stack frames", "Click to hide stack frames")'>Click to show all stack frames</a>
<div class='stack-trace' id='stack-trace1735507635'><pre>org.openqa.selenium.NoSuchElementException: An element could not be located on the page using the given search parameters. (WARNING: The server did not provide any stacktrace information)
Command duration or timeout: 26.17 seconds
For documentation on this error, please visit: http://seleniumhq.org/exceptions/no_such_element.html
Build info: version: &apos;2.43.1&apos;, revision: &apos;5163bceef1bc36d43f3dc0b83c88998168a363a0&apos;, time: &apos;2014-09-10 09:43:55&apos;
System info: host: &apos;Raj-PC&apos;, ip: &apos;192.168.98.2&apos;, os.name: &apos;Windows 10&apos;, os.arch: &apos;amd64&apos;, os.version: &apos;10.0&apos;, java.version: &apos;1.8.0_77&apos;
Driver info: io.appium.java_client.android.AndroidDriver
Capabilities [{appPackage=org.openintents.shopping, testobject_app_id=1, testobject_test_report_url=https://app.testobject.com/#/rajashekarpula/sample-project/appium/executions/8, testobject_suite_name=Default Appium Suite, testobject_device_session_id={value=4834df8d-1fb6-4f9a-b5d8-663200c5f985}, deviceName=008581c08ad541d7, platform=LINUX, deviceUDID=008581c08ad541d7, desired={app=/tmp/apks-LG_Nexus_4_E960_real/org.openintents.shopping.apk, testobject_app_id=1, testobject_test_name=Default Appium Test, testobject_appium_version=1.5.3, testobject_device=LG_Nexus_4_E960_real, testobject_suite_name=Default Appium Suite, testobject_api_key=B16F0B0AEB334DD384FAE69CCFC7C371, platformName=Android, adbPort=15009.0, deviceName=LG_Nexus_4_E960_real}, testobject_appium_version=1.5.3, platformVersion=5.1.1, webStorageEnabled=false, takesScreenshot=true, javascriptEnabled=true, platformName=Android, app=/tmp/apks-LG_Nexus_4_E960_real/org.openintents.shopping.apk, networkConnectionEnabled=true, testobject_test_name=Default Appium Test, warnings={}, testobject_device=LG_Nexus_4_E960_real, appWaitPackage=org.openintents.shopping, appWaitActivity=org.openintents.shopping.ShoppingActivity, databaseEnabled=false, adbPort=15009.0, appActivity=org.openintents.shopping.ShoppingActivity, locationContextEnabled=false, testobject_api_key=B16F0B0AEB334DD384FAE69CCFC7C371, testobject_test_live_view_url=https://app.testobject.com/#/rajashekarpula/sample-project/appium/view/8}]
Session ID: fb469b16-43d3-41bc-a1a1-075a1041e37c
	at sun.reflect.NativeConstructorAccessorImpl.newInstance0(Native Method)
	at sun.reflect.NativeConstructorAccessorImpl.newInstance(NativeConstructorAccessorImpl.java:62)
	at sun.reflect.DelegatingConstructorAccessorImpl.newInstance(DelegatingConstructorAccessorImpl.java:45)
	at java.lang.reflect.Constructor.newInstance(Constructor.java:423)
	at org.openqa.selenium.remote.ErrorHandler.createThrowable(ErrorHandler.java:204)
	at org.openqa.selenium.remote.ErrorHandler.throwIfResponseFailed(ErrorHandler.java:156)
	at org.openqa.selenium.remote.RemoteWebDriver.execute(RemoteWebDriver.java:599)
	at io.appium.java_client.AppiumDriver.execute(AppiumDriver.java:180)
	at org.openqa.selenium.remote.RemoteWebElement.execute(RemoteWebElement.java:268)
	at org.openqa.selenium.remote.RemoteWebElement.sendKeys(RemoteWebElement.java:89)
	at appium.SampleTestCase.sampeTest(SampleTestCase.java:19)
	at sun.reflect.NativeMethodAccessorImpl.invoke0(Native Method)
	at sun.reflect.NativeMethodAccessorImpl.invoke(NativeMethodAccessorImpl.java:62)
	at sun.reflect.DelegatingMethodAccessorImpl.invoke(DelegatingMethodAccessorImpl.java:43)
	at java.lang.reflect.Method.invoke(Method.java:498)
	at org.testng.internal.MethodInvocationHelper.invokeMethod(MethodInvocationHelper.java:85)
	at org.testng.internal.Invoker.invokeMethod(Invoker.java:639)
	at org.testng.internal.Invoker.invokeTestMethod(Invoker.java:816)
	at org.testng.internal.Invoker.invokeTestMethods(Invoker.java:1124)
	at org.testng.internal.TestMethodWorker.invokeTestMethods(TestMethodWorker.java:125)
	at org.testng.internal.TestMethodWorker.run(TestMethodWorker.java:108)
	at org.testng.TestRunner.privateRun(TestRunner.java:774)
	at org.testng.TestRunner.run(TestRunner.java:624)
	at org.testng.SuiteRunner.runTest(SuiteRunner.java:359)
	at org.testng.SuiteRunner.runSequentially(SuiteRunner.java:354)
	at org.testng.SuiteRunner.privateRun(SuiteRunner.java:312)
	at org.testng.SuiteRunner.run(SuiteRunner.java:261)
	at org.testng.SuiteRunnerWorker.runSuite(SuiteRunnerWorker.java:52)
	at org.testng.SuiteRunnerWorker.run(SuiteRunnerWorker.java:86)
	at org.testng.TestNG.runSuitesSequentially(TestNG.java:1191)
	at org.testng.TestNG.runSuitesLocally(TestNG.java:1116)
	at org.testng.TestNG.run(TestNG.java:1024)
	at org.apache.maven.surefire.testng.TestNGExecutor.run(TestNGExecutor.java:77)
	at org.apache.maven.surefire.testng.TestNGDirectoryTestSuite.execute(TestNGDirectoryTestSuite.java:110)
	at org.apache.maven.surefire.testng.TestNGProvider.invoke(TestNGProvider.java:106)
	at sun.reflect.NativeMethodAccessorImpl.invoke0(Native Method)
	at sun.reflect.NativeMethodAccessorImpl.invoke(NativeMethodAccessorImpl.java:62)
	at sun.reflect.DelegatingMethodAccessorImpl.invoke(DelegatingMethodAccessorImpl.java:43)
	at java.lang.reflect.Method.invoke(Method.java:498)
	at org.apache.maven.surefire.util.ReflectionUtils.invokeMethodWithArray(ReflectionUtils.java:189)
	at org.apache.maven.surefire.booter.ProviderFactory$ProviderProxy.invoke(ProviderFactory.java:165)
	at org.apache.maven.surefire.booter.ProviderFactory.invokeProvider(ProviderFactory.java:85)
	at org.apache.maven.surefire.booter.ForkedBooter.runSuitesInProcess(ForkedBooter.java:115)
	at org.apache.maven.surefire.booter.ForkedBooter.main(ForkedBooter.java:75)
</pre></div></td>
<td>26</td>
<td>appium.SampleTestCase@77b52d12</td></tr>
</table><p>
</body>
</html>